<?xml version="1.0" encoding="UTF-8"?>
<!-- Generated by org.testng.reporters.JUnitReportReporter -->
<testsuite name="testscripts.Example" tests="1" time="17.427" ignored="0" failures="0" timestamp="27 Dec 2018 07:39:41 GMT" skipped="0" hostname="TYSS-4F-054" errors="0">
  <testcase name="selectOurDate" time="17.427" classname="testscripts.Example"/>
</testsuite> <!-- testscripts.Example -->
